<?xml version="1.0" encoding="UTF-8"?>
<!-- Generated by org.testng.reporters.JUnitReportReporter -->
<testsuite hostname="Madhavis-MacBook-Pro.local" name="com.hart.test.SmokeTest" tests="4" failures="0" timestamp="20 Jan 2017 22:57:13 GMT" time="3.092" errors="0">
  <testcase name="verifyAllergiesList" time="2.487" classname="com.hart.test.SmokeTest"/>
  <testcase name="verifyLoginPage" time="0.061" classname="com.hart.test.SmokeTest"/>
  <testcase name="verifyHomePage" time="0.172" classname="com.hart.test.SmokeTest"/>
  <testcase name="verifyUserLogin" time="0.372" classname="com.hart.test.SmokeTest"/>
</testsuite> <!-- com.hart.test.SmokeTest -->
